{"G:\\clo-set\\src\\utils\\cache.ts": {"path":"G:\\clo-set\\src\\utils\\cache.ts","statementMap":{"0":{"start":{"line":18,"column":4},"end":{"line":21,"column":null}},"1":{"start":{"line":25,"column":22},"end":{"line":25,"column":37}},"2":{"start":{"line":26,"column":16},"end":{"line":26,"column":null}},"3":{"start":{"line":28,"column":4},"end":{"line":30,"column":null}},"4":{"start":{"line":29,"column":6},"end":{"line":29,"column":null}},"5":{"start":{"line":32,"column":4},"end":{"line":32,"column":null}},"6":{"start":{"line":36,"column":4},"end":{"line":36,"column":null}},"7":{"start":{"line":40,"column":4},"end":{"line":40,"column":null}},"8":{"start":{"line":44,"column":4},"end":{"line":44,"column":null}},"9":{"start":{"line":48,"column":4},"end":{"line":48,"column":null}},"10":{"start":{"line":10,"column":2},"end":{"line":10,"column":null}},"11":{"start":{"line":11,"column":2},"end":{"line":11,"column":10}},"12":{"start":{"line":14,"column":4},"end":{"line":14,"column":null}}},"fnMap":{"0":{"name":"(anonymous_0)","decl":{"start":{"line":17,"column":2},"end":{"line":17,"column":6}},"loc":{"start":{"line":17,"column":34},"end":{"line":22,"column":null}},"line":17},"1":{"name":"(anonymous_1)","decl":{"start":{"line":24,"column":2},"end":{"line":24,"column":6}},"loc":{"start":{"line":24,"column":29},"end":{"line":33,"column":null}},"line":24},"2":{"name":"(anonymous_2)","decl":{"start":{"line":35,"column":2},"end":{"line":35,"column":13}},"loc":{"start":{"line":35,"column":36},"end":{"line":37,"column":null}},"line":35},"3":{"name":"(anonymous_3)","decl":{"start":{"line":39,"column":2},"end":{"line":39,"column":6}},"loc":{"start":{"line":39,"column":28},"end":{"line":41,"column":null}},"line":39},"4":{"name":"(anonymous_4)","decl":{"start":{"line":43,"column":2},"end":{"line":43,"column":9}},"loc":{"start":{"line":43,"column":28},"end":{"line":45,"column":null}},"line":43},"5":{"name":"(anonymous_5)","decl":{"start":{"line":47,"column":2},"end":{"line":47,"column":16}},"loc":{"start":{"line":47,"column":16},"end":{"line":49,"column":null}},"line":47},"6":{"name":"(anonymous_6)","decl":{"start":{"line":13,"column":2},"end":{"line":13,"column":14}},"loc":{"start":{"line":13,"column":53},"end":{"line":15,"column":null}},"line":13}},"branchMap":{"0":{"loc":{"start":{"line":28,"column":4},"end":{"line":30,"column":null}},"type":"if","locations":[{"start":{"line":28,"column":4},"end":{"line":30,"column":null}},{"start":{},"end":{}}],"line":28},"1":{"loc":{"start":{"line":28,"column":8},"end":{"line":28,"column":67}},"type":"binary-expr","locations":[{"start":{"line":28,"column":8},"end":{"line":28,"column":21}},{"start":{"line":28,"column":21},"end":{"line":28,"column":67}}],"line":28},"2":{"loc":{"start":{"line":36,"column":11},"end":{"line":36,"column":null}},"type":"binary-expr","locations":[{"start":{"line":36,"column":11},"end":{"line":36,"column":36}},{"start":{"line":36,"column":36},"end":{"line":36,"column":null}}],"line":36},"3":{"loc":{"start":{"line":13,"column":14},"end":{"line":13,"column":51}},"type":"default-arg","locations":[{"start":{"line":13,"column":38},"end":{"line":13,"column":51}}],"line":13}},"s":{"0":7,"1":9,"2":9,"3":9,"4":5,"5":4,"6":2,"7":3,"8":1,"9":1,"10":9,"11":9,"12":9},"f":{"0":7,"1":9,"2":2,"3":3,"4":1,"5":1,"6":9},"b":{"0":[5,4],"1":[9,5],"2":[2,2],"3":[9]},"meta":{"lastBranch":4,"lastFunction":7,"lastStatement":13,"seen":{"f:17:2:17:6":0,"s:18:4:21:Infinity":0,"f:24:2:24:6":1,"s:25:22:25:37":1,"s:26:16:26:Infinity":2,"b:28:4:30:Infinity:undefined:undefined:undefined:undefined":0,"s:28:4:30:Infinity":3,"b:28:8:28:21:28:21:28:67":1,"s:29:6:29:Infinity":4,"s:32:4:32:Infinity":5,"f:35:2:35:13":2,"s:36:4:36:Infinity":6,"b:36:11:36:36:36:36:36:Infinity":2,"f:39:2:39:6":3,"s:40:4:40:Infinity":7,"f:43:2:43:9":4,"s:44:4:44:Infinity":8,"f:47:2:47:16":5,"s:48:4:48:Infinity":9,"f:13:2:13:14":6,"b:13:38:13:51":3,"s:10:2:10:Infinity":10,"s:11:2:11:10":11,"s:14:4:14:Infinity":12}}}
}
